{"/Users/galileor/Hacktiv8/Phase2/IP-HCK73/Server/app.js": {"path":"/Users/galileor/Hacktiv8/Phase2/IP-HCK73/Server/app.js","statementMap":{"0":{"start":{"line":1,"column":0},"end":{"line":3,"column":1}},"1":{"start":{"line":2,"column":4},"end":{"line":2,"column":30}},"2":{"start":{"line":4,"column":16},"end":{"line":4,"column":34}},"3":{"start":{"line":5,"column":12},"end":{"line":5,"column":21}},"4":{"start":{"line":7,"column":15},"end":{"line":7,"column":34}},"5":{"start":{"line":11,"column":0},"end":{"line":11,"column":63}},"6":{"start":{"line":12,"column":0},"end":{"line":12,"column":40}},"7":{"start":{"line":14,"column":0},"end":{"line":14,"column":15}},"8":{"start":{"line":20,"column":0},"end":{"line":20,"column":20}}},"fnMap":{},"branchMap":{"0":{"loc":{"start":{"line":1,"column":0},"end":{"line":3,"column":1}},"type":"if","locations":[{"start":{"line":1,"column":0},"end":{"line":3,"column":1}},{"start":{},"end":{}}],"line":1}},"s":{"0":2,"1":2,"2":2,"3":2,"4":2,"5":2,"6":2,"7":2,"8":2},"f":{},"b":{"0":[2,0]},"_coverageSchema":"1a1c01bbd47fc00a2c39e90264f33305004495a9","hash":"a8a308aa25257410e050c07f796ea712133991ee"}
,"/Users/galileor/Hacktiv8/Phase2/IP-HCK73/Server/controllers/ImageController.js": {"path":"/Users/galileor/Hacktiv8/Phase2/IP-HCK73/Server/controllers/ImageController.js","statementMap":{"0":{"start":{"line":1,"column":18},"end":{"line":1,"column":44}},"1":{"start":{"line":7,"column":19},"end":{"line":7,"column":30}},"2":{"start":{"line":8,"column":8},"end":{"line":19,"column":9}},"3":{"start":{"line":9,"column":23},"end":{"line":12,"column":14}},"4":{"start":{"line":14,"column":12},"end":{"line":14,"column":30}},"5":{"start":{"line":15,"column":12},"end":{"line":15,"column":42}},"6":{"start":{"line":17,"column":12},"end":{"line":17,"column":31}},"7":{"start":{"line":18,"column":12},"end":{"line":18,"column":23}},"8":{"start":{"line":23,"column":8},"end":{"line":40,"column":9}},"9":{"start":{"line":24,"column":25},"end":{"line":24,"column":35}},"10":{"start":{"line":25,"column":24},"end":{"line":25,"column":48}},"11":{"start":{"line":27,"column":12},"end":{"line":29,"column":13}},"12":{"start":{"line":28,"column":16},"end":{"line":28,"column":43}},"13":{"start":{"line":30,"column":12},"end":{"line":34,"column":14}},"14":{"start":{"line":36,"column":12},"end":{"line":36,"column":89}},"15":{"start":{"line":38,"column":12},"end":{"line":38,"column":31}},"16":{"start":{"line":39,"column":12},"end":{"line":39,"column":23}},"17":{"start":{"line":43,"column":8},"end":{"line":54,"column":9}},"18":{"start":{"line":44,"column":25},"end":{"line":44,"column":35}},"19":{"start":{"line":45,"column":24},"end":{"line":45,"column":48}},"20":{"start":{"line":47,"column":12},"end":{"line":49,"column":13}},"21":{"start":{"line":48,"column":16},"end":{"line":48,"column":43}},"22":{"start":{"line":50,"column":12},"end":{"line":50,"column":43}},"23":{"start":{"line":52,"column":12},"end":{"line":52,"column":31}},"24":{"start":{"line":53,"column":12},"end":{"line":53,"column":23}},"25":{"start":{"line":58,"column":0},"end":{"line":58,"column":32}}},"fnMap":{"0":{"name":"(anonymous_0)","decl":{"start":{"line":6,"column":4},"end":{"line":6,"column":5}},"loc":{"start":{"line":6,"column":45},"end":{"line":20,"column":5}},"line":6},"1":{"name":"(anonymous_1)","decl":{"start":{"line":22,"column":4},"end":{"line":22,"column":5}},"loc":{"start":{"line":22,"column":45},"end":{"line":41,"column":5}},"line":22},"2":{"name":"(anonymous_2)","decl":{"start":{"line":42,"column":4},"end":{"line":42,"column":5}},"loc":{"start":{"line":42,"column":47},"end":{"line":55,"column":5}},"line":42}},"branchMap":{"0":{"loc":{"start":{"line":27,"column":12},"end":{"line":29,"column":13}},"type":"if","locations":[{"start":{"line":27,"column":12},"end":{"line":29,"column":13}},{"start":{},"end":{}}],"line":27},"1":{"loc":{"start":{"line":47,"column":12},"end":{"line":49,"column":13}},"type":"if","locations":[{"start":{"line":47,"column":12},"end":{"line":49,"column":13}},{"start":{},"end":{}}],"line":47}},"s":{"0":2,"1":0,"2":0,"3":0,"4":0,"5":0,"6":0,"7":0,"8":0,"9":0,"10":0,"11":0,"12":0,"13":0,"14":0,"15":0,"16":0,"17":0,"18":0,"19":0,"20":0,"21":0,"22":0,"23":0,"24":0,"25":2},"f":{"0":0,"1":0,"2":0},"b":{"0":[0,0],"1":[0,0]},"_coverageSchema":"1a1c01bbd47fc00a2c39e90264f33305004495a9","hash":"14173ef6cd3cfff86847bebe9efcd4028591c2b1"}
,"/Users/galileor/Hacktiv8/Phase2/IP-HCK73/Server/controllers/PredictionController.js": {"path":"/Users/galileor/Hacktiv8/Phase2/IP-HCK73/Server/controllers/PredictionController.js","statementMap":{"0":{"start":{"line":1,"column":18},"end":{"line":1,"column":38}},"1":{"start":{"line":2,"column":14},"end":{"line":2,"column":30}},"2":{"start":{"line":3,"column":18},"end":{"line":3,"column":44}},"3":{"start":{"line":4,"column":19},"end":{"line":4,"column":50}},"4":{"start":{"line":6,"column":26},"end":{"line":6,"column":41}},"5":{"start":{"line":8,"column":22},"end":{"line":23,"column":1}},"6":{"start":{"line":9,"column":4},"end":{"line":22,"column":7}},"7":{"start":{"line":10,"column":8},"end":{"line":21,"column":11}},"8":{"start":{"line":11,"column":25},"end":{"line":11,"column":27}},"9":{"start":{"line":12,"column":12},"end":{"line":14,"column":15}},"10":{"start":{"line":13,"column":16},"end":{"line":13,"column":33}},"11":{"start":{"line":15,"column":12},"end":{"line":17,"column":15}},"12":{"start":{"line":16,"column":16},"end":{"line":16,"column":45}},"13":{"start":{"line":18,"column":12},"end":{"line":20,"column":15}},"14":{"start":{"line":19,"column":16},"end":{"line":19,"column":28}},"15":{"start":{"line":30,"column":8},"end":{"line":85,"column":9}},"16":{"start":{"line":32,"column":27},"end":{"line":32,"column":35}},"17":{"start":{"line":33,"column":83},"end":{"line":33,"column":92}},"18":{"start":{"line":35,"column":12},"end":{"line":37,"column":13}},"19":{"start":{"line":36,"column":16},"end":{"line":36,"column":91}},"20":{"start":{"line":40,"column":33},"end":{"line":42,"column":14}},"21":{"start":{"line":41,"column":16},"end":{"line":41,"column":88}},"22":{"start":{"line":44,"column":30},"end":{"line":49,"column":13}},"23":{"start":{"line":52,"column":27},"end":{"line":55,"column":13}},"24":{"start":{"line":57,"column":30},"end":{"line":57,"column":39}},"25":{"start":{"line":60,"column":32},"end":{"line":60,"column":62}},"26":{"start":{"line":63,"column":37},"end":{"line":69,"column":14}},"27":{"start":{"line":64,"column":37},"end":{"line":67,"column":18}},"28":{"start":{"line":65,"column":20},"end":{"line":66,"column":41}},"29":{"start":{"line":65,"column":31},"end":{"line":65,"column":45}},"30":{"start":{"line":66,"column":25},"end":{"line":66,"column":41}},"31":{"start":{"line":68,"column":16},"end":{"line":68,"column":46}},"32":{"start":{"line":73,"column":29},"end":{"line":76,"column":14}},"33":{"start":{"line":78,"column":12},"end":{"line":81,"column":15}},"34":{"start":{"line":83,"column":12},"end":{"line":83,"column":23}},"35":{"start":{"line":84,"column":12},"end":{"line":84,"column":59}},"36":{"start":{"line":89,"column":8},"end":{"line":102,"column":9}},"37":{"start":{"line":90,"column":26},"end":{"line":95,"column":13}},"38":{"start":{"line":97,"column":27},"end":{"line":97,"column":150}},"39":{"start":{"line":98,"column":12},"end":{"line":98,"column":31}},"40":{"start":{"line":99,"column":12},"end":{"line":99,"column":44}},"41":{"start":{"line":101,"column":12},"end":{"line":101,"column":31}},"42":{"start":{"line":107,"column":0},"end":{"line":107,"column":37}}},"fnMap":{"0":{"name":"(anonymous_0)","decl":{"start":{"line":8,"column":22},"end":{"line":8,"column":23}},"loc":{"start":{"line":8,"column":31},"end":{"line":23,"column":1}},"line":8},"1":{"name":"(anonymous_1)","decl":{"start":{"line":9,"column":23},"end":{"line":9,"column":24}},"loc":{"start":{"line":9,"column":44},"end":{"line":22,"column":5}},"line":9},"2":{"name":"(anonymous_2)","decl":{"start":{"line":10,"column":23},"end":{"line":10,"column":24}},"loc":{"start":{"line":10,"column":37},"end":{"line":21,"column":9}},"line":10},"3":{"name":"(anonymous_3)","decl":{"start":{"line":12,"column":32},"end":{"line":12,"column":33}},"loc":{"start":{"line":12,"column":43},"end":{"line":14,"column":13}},"line":12},"4":{"name":"(anonymous_4)","decl":{"start":{"line":15,"column":31},"end":{"line":15,"column":32}},"loc":{"start":{"line":15,"column":37},"end":{"line":17,"column":13}},"line":15},"5":{"name":"(anonymous_5)","decl":{"start":{"line":18,"column":33},"end":{"line":18,"column":34}},"loc":{"start":{"line":18,"column":42},"end":{"line":20,"column":13}},"line":18},"6":{"name":"(anonymous_6)","decl":{"start":{"line":28,"column":4},"end":{"line":28,"column":5}},"loc":{"start":{"line":28,"column":50},"end":{"line":86,"column":5}},"line":28},"7":{"name":"(anonymous_7)","decl":{"start":{"line":40,"column":110},"end":{"line":40,"column":111}},"loc":{"start":{"line":40,"column":120},"end":{"line":42,"column":13}},"line":40},"8":{"name":"(anonymous_8)","decl":{"start":{"line":63,"column":55},"end":{"line":63,"column":56}},"loc":{"start":{"line":63,"column":76},"end":{"line":69,"column":13}},"line":63},"9":{"name":"(anonymous_9)","decl":{"start":{"line":64,"column":99},"end":{"line":64,"column":100}},"loc":{"start":{"line":64,"column":118},"end":{"line":67,"column":17}},"line":64},"10":{"name":"(anonymous_10)","decl":{"start":{"line":88,"column":4},"end":{"line":88,"column":5}},"loc":{"start":{"line":88,"column":41},"end":{"line":103,"column":5}},"line":88}},"branchMap":{"0":{"loc":{"start":{"line":35,"column":12},"end":{"line":37,"column":13}},"type":"if","locations":[{"start":{"line":35,"column":12},"end":{"line":37,"column":13}},{"start":{},"end":{}}],"line":35},"1":{"loc":{"start":{"line":35,"column":16},"end":{"line":35,"column":84}},"type":"binary-expr","locations":[{"start":{"line":35,"column":16},"end":{"line":35,"column":27}},{"start":{"line":35,"column":31},"end":{"line":35,"column":43}},{"start":{"line":35,"column":47},"end":{"line":35,"column":62}},{"start":{"line":35,"column":66},"end":{"line":35,"column":84}}],"line":35},"2":{"loc":{"start":{"line":65,"column":20},"end":{"line":66,"column":41}},"type":"if","locations":[{"start":{"line":65,"column":20},"end":{"line":66,"column":41}},{"start":{"line":66,"column":25},"end":{"line":66,"column":41}}],"line":65}},"s":{"0":2,"1":2,"2":2,"3":2,"4":2,"5":2,"6":0,"7":0,"8":0,"9":0,"10":0,"11":0,"12":0,"13":0,"14":0,"15":0,"16":0,"17":0,"18":0,"19":0,"20":0,"21":0,"22":0,"23":0,"24":0,"25":0,"26":0,"27":0,"28":0,"29":0,"30":0,"31":0,"32":0,"33":0,"34":0,"35":0,"36":0,"37":0,"38":0,"39":0,"40":0,"41":0,"42":2},"f":{"0":0,"1":0,"2":0,"3":0,"4":0,"5":0,"6":0,"7":0,"8":0,"9":0,"10":0},"b":{"0":[0,0],"1":[0,0,0,0],"2":[0,0]},"_coverageSchema":"1a1c01bbd47fc00a2c39e90264f33305004495a9","hash":"e71ded0cc82636d8c8ebc6371cd97b925990897f"}
,"/Users/galileor/Hacktiv8/Phase2/IP-HCK73/Server/controllers/UserController.js": {"path":"/Users/galileor/Hacktiv8/Phase2/IP-HCK73/Server/controllers/UserController.js","statementMap":{"0":{"start":{"line":1,"column":28},"end":{"line":1,"column":55}},"1":{"start":{"line":2,"column":35},"end":{"line":2,"column":59}},"2":{"start":{"line":3,"column":17},"end":{"line":3,"column":43}},"3":{"start":{"line":4,"column":12},"end":{"line":4,"column":35}},"4":{"start":{"line":7,"column":25},"end":{"line":7,"column":55}},"5":{"start":{"line":8,"column":15},"end":{"line":8,"column":33}},"6":{"start":{"line":13,"column":8},"end":{"line":23,"column":9}},"7":{"start":{"line":14,"column":27},"end":{"line":14,"column":35}},"8":{"start":{"line":15,"column":33},"end":{"line":15,"column":41}},"9":{"start":{"line":17,"column":23},"end":{"line":17,"column":47}},"10":{"start":{"line":18,"column":12},"end":{"line":18,"column":51}},"11":{"start":{"line":19,"column":12},"end":{"line":19,"column":90}},"12":{"start":{"line":21,"column":12},"end":{"line":21,"column":35}},"13":{"start":{"line":22,"column":12},"end":{"line":22,"column":23}},"14":{"start":{"line":27,"column":8},"end":{"line":33,"column":9}},"15":{"start":{"line":28,"column":24},"end":{"line":28,"column":44}},"16":{"start":{"line":29,"column":12},"end":{"line":29,"column":27}},"17":{"start":{"line":31,"column":12},"end":{"line":31,"column":35}},"18":{"start":{"line":32,"column":12},"end":{"line":32,"column":23}},"19":{"start":{"line":37,"column":8},"end":{"line":45,"column":9}},"20":{"start":{"line":38,"column":27},"end":{"line":38,"column":35}},"21":{"start":{"line":39,"column":23},"end":{"line":39,"column":47}},"22":{"start":{"line":41,"column":12},"end":{"line":41,"column":42}},"23":{"start":{"line":43,"column":12},"end":{"line":43,"column":31}},"24":{"start":{"line":44,"column":12},"end":{"line":44,"column":23}},"25":{"start":{"line":49,"column":36},"end":{"line":49,"column":44}},"26":{"start":{"line":50,"column":8},"end":{"line":69,"column":9}},"27":{"start":{"line":51,"column":12},"end":{"line":53,"column":13}},"28":{"start":{"line":52,"column":16},"end":{"line":52,"column":48}},"29":{"start":{"line":55,"column":25},"end":{"line":57,"column":14}},"30":{"start":{"line":59,"column":12},"end":{"line":62,"column":13}},"31":{"start":{"line":60,"column":16},"end":{"line":60,"column":34}},"32":{"start":{"line":61,"column":16},"end":{"line":61,"column":45}},"33":{"start":{"line":63,"column":26},"end":{"line":65,"column":14}},"34":{"start":{"line":66,"column":12},"end":{"line":66,"column":57}},"35":{"start":{"line":68,"column":12},"end":{"line":68,"column":23}},"36":{"start":{"line":72,"column":8},"end":{"line":84,"column":9}},"37":{"start":{"line":73,"column":50},"end":{"line":73,"column":58}},"38":{"start":{"line":74,"column":23},"end":{"line":74,"column":71}},"39":{"start":{"line":76,"column":12},"end":{"line":80,"column":14}},"40":{"start":{"line":83,"column":12},"end":{"line":83,"column":23}},"41":{"start":{"line":88,"column":32},"end":{"line":88,"column":40}},"42":{"start":{"line":90,"column":8},"end":{"line":114,"column":9}},"43":{"start":{"line":91,"column":27},"end":{"line":94,"column":14}},"44":{"start":{"line":95,"column":28},"end":{"line":95,"column":47}},"45":{"start":{"line":96,"column":36},"end":{"line":107,"column":14}},"46":{"start":{"line":109,"column":26},"end":{"line":109,"column":79}},"47":{"start":{"line":110,"column":12},"end":{"line":110,"column":74}},"48":{"start":{"line":112,"column":12},"end":{"line":112,"column":30}},"49":{"start":{"line":113,"column":12},"end":{"line":113,"column":71}},"50":{"start":{"line":119,"column":0},"end":{"line":119,"column":31}}},"fnMap":{"0":{"name":"(anonymous_0)","decl":{"start":{"line":12,"column":4},"end":{"line":12,"column":5}},"loc":{"start":{"line":12,"column":43},"end":{"line":24,"column":5}},"line":12},"1":{"name":"(anonymous_1)","decl":{"start":{"line":26,"column":4},"end":{"line":26,"column":5}},"loc":{"start":{"line":26,"column":44},"end":{"line":34,"column":5}},"line":26},"2":{"name":"(anonymous_2)","decl":{"start":{"line":36,"column":4},"end":{"line":36,"column":5}},"loc":{"start":{"line":36,"column":45},"end":{"line":46,"column":5}},"line":36},"3":{"name":"(anonymous_3)","decl":{"start":{"line":48,"column":4},"end":{"line":48,"column":5}},"loc":{"start":{"line":48,"column":39},"end":{"line":70,"column":5}},"line":48},"4":{"name":"(anonymous_4)","decl":{"start":{"line":71,"column":4},"end":{"line":71,"column":5}},"loc":{"start":{"line":71,"column":42},"end":{"line":85,"column":5}},"line":71},"5":{"name":"(anonymous_5)","decl":{"start":{"line":87,"column":4},"end":{"line":87,"column":5}},"loc":{"start":{"line":87,"column":38},"end":{"line":115,"column":5}},"line":87}},"branchMap":{"0":{"loc":{"start":{"line":51,"column":12},"end":{"line":53,"column":13}},"type":"if","locations":[{"start":{"line":51,"column":12},"end":{"line":53,"column":13}},{"start":{},"end":{}}],"line":51},"1":{"loc":{"start":{"line":51,"column":16},"end":{"line":51,"column":35}},"type":"binary-expr","locations":[{"start":{"line":51,"column":16},"end":{"line":51,"column":22}},{"start":{"line":51,"column":26},"end":{"line":51,"column":35}}],"line":51},"2":{"loc":{"start":{"line":59,"column":12},"end":{"line":62,"column":13}},"type":"if","locations":[{"start":{"line":59,"column":12},"end":{"line":62,"column":13}},{"start":{},"end":{}}],"line":59},"3":{"loc":{"start":{"line":59,"column":16},"end":{"line":59,"column":66}},"type":"binary-expr","locations":[{"start":{"line":59,"column":16},"end":{"line":59,"column":21}},{"start":{"line":59,"column":25},"end":{"line":59,"column":66}}],"line":59},"4":{"loc":{"start":{"line":110,"column":23},"end":{"line":110,"column":42}},"type":"cond-expr","locations":[{"start":{"line":110,"column":33},"end":{"line":110,"column":36}},{"start":{"line":110,"column":39},"end":{"line":110,"column":42}}],"line":110}},"s":{"0":2,"1":2,"2":2,"3":2,"4":2,"5":2,"6":0,"7":0,"8":0,"9":0,"10":0,"11":0,"12":0,"13":0,"14":0,"15":0,"16":0,"17":0,"18":0,"19":0,"20":0,"21":0,"22":0,"23":0,"24":0,"25":5,"26":5,"27":5,"28":2,"29":3,"30":3,"31":2,"32":2,"33":1,"34":1,"35":4,"36":4,"37":4,"38":4,"39":1,"40":3,"41":0,"42":0,"43":0,"44":0,"45":0,"46":0,"47":0,"48":0,"49":0,"50":2},"f":{"0":0,"1":0,"2":0,"3":5,"4":4,"5":0},"b":{"0":[2,3],"1":[5,4],"2":[2,1],"3":[3,2],"4":[0,0]},"_coverageSchema":"1a1c01bbd47fc00a2c39e90264f33305004495a9","hash":"e66296203920ae9ca782407055e59d626c1a92f2"}
,"/Users/galileor/Hacktiv8/Phase2/IP-HCK73/Server/helper/bcrypt.js": {"path":"/Users/galileor/Hacktiv8/Phase2/IP-HCK73/Server/helper/bcrypt.js","statementMap":{"0":{"start":{"line":1,"column":15},"end":{"line":1,"column":32}},"1":{"start":{"line":4,"column":21},"end":{"line":7,"column":1}},"2":{"start":{"line":5,"column":17},"end":{"line":5,"column":39}},"3":{"start":{"line":6,"column":4},"end":{"line":6,"column":42}},"4":{"start":{"line":10,"column":24},"end":{"line":12,"column":1}},"5":{"start":{"line":11,"column":4},"end":{"line":11,"column":55}},"6":{"start":{"line":14,"column":0},"end":{"line":17,"column":1}}},"fnMap":{"0":{"name":"(anonymous_0)","decl":{"start":{"line":4,"column":21},"end":{"line":4,"column":22}},"loc":{"start":{"line":4,"column":35},"end":{"line":7,"column":1}},"line":4},"1":{"name":"(anonymous_1)","decl":{"start":{"line":10,"column":24},"end":{"line":10,"column":25}},"loc":{"start":{"line":10,"column":54},"end":{"line":12,"column":1}},"line":10}},"branchMap":{},"s":{"0":2,"1":2,"2":3,"3":3,"4":2,"5":2,"6":2},"f":{"0":3,"1":2},"b":{},"_coverageSchema":"1a1c01bbd47fc00a2c39e90264f33305004495a9","hash":"674a02eeb9e4833a45e13a4765fde88b9796b3bc"}
,"/Users/galileor/Hacktiv8/Phase2/IP-HCK73/Server/helper/cloudinary.js": {"path":"/Users/galileor/Hacktiv8/Phase2/IP-HCK73/Server/helper/cloudinary.js","statementMap":{"0":{"start":{"line":2,"column":19},"end":{"line":2,"column":43}},"1":{"start":{"line":3,"column":0},"end":{"line":7,"column":3}},"2":{"start":{"line":12,"column":0},"end":{"line":12,"column":27}}},"fnMap":{},"branchMap":{},"s":{"0":2,"1":2,"2":2},"f":{},"b":{},"_coverageSchema":"1a1c01bbd47fc00a2c39e90264f33305004495a9","hash":"c1dffd31dc0d8bfafb2190b18e6425108c31d922"}
,"/Users/galileor/Hacktiv8/Phase2/IP-HCK73/Server/helper/jwt.js": {"path":"/Users/galileor/Hacktiv8/Phase2/IP-HCK73/Server/helper/jwt.js","statementMap":{"0":{"start":{"line":1,"column":12},"end":{"line":1,"column":35}},"1":{"start":{"line":3,"column":18},"end":{"line":3,"column":44}},"2":{"start":{"line":4,"column":18},"end":{"line":6,"column":1}},"3":{"start":{"line":5,"column":4},"end":{"line":5,"column":40}},"4":{"start":{"line":8,"column":20},"end":{"line":10,"column":1}},"5":{"start":{"line":9,"column":4},"end":{"line":9,"column":40}},"6":{"start":{"line":12,"column":0},"end":{"line":12,"column":43}}},"fnMap":{"0":{"name":"(anonymous_0)","decl":{"start":{"line":4,"column":18},"end":{"line":4,"column":19}},"loc":{"start":{"line":4,"column":31},"end":{"line":6,"column":1}},"line":4},"1":{"name":"(anonymous_1)","decl":{"start":{"line":8,"column":20},"end":{"line":8,"column":21}},"loc":{"start":{"line":8,"column":31},"end":{"line":10,"column":1}},"line":8}},"branchMap":{},"s":{"0":2,"1":2,"2":2,"3":3,"4":2,"5":0,"6":2},"f":{"0":3,"1":0},"b":{},"_coverageSchema":"1a1c01bbd47fc00a2c39e90264f33305004495a9","hash":"ef542a635c5f9fbee79d3ba84b1d10f7d5c70aa0"}
,"/Users/galileor/Hacktiv8/Phase2/IP-HCK73/Server/middleware/errorHandler.js": {"path":"/Users/galileor/Hacktiv8/Phase2/IP-HCK73/Server/middleware/errorHandler.js","statementMap":{"0":{"start":{"line":2,"column":17},"end":{"line":2,"column":34}},"1":{"start":{"line":3,"column":18},"end":{"line":3,"column":56}},"2":{"start":{"line":5,"column":4},"end":{"line":5,"column":48}},"3":{"start":{"line":7,"column":4},"end":{"line":38,"column":5}},"4":{"start":{"line":10,"column":12},"end":{"line":10,"column":25}},"5":{"start":{"line":11,"column":12},"end":{"line":11,"column":44}},"6":{"start":{"line":12,"column":12},"end":{"line":12,"column":18}},"7":{"start":{"line":15,"column":12},"end":{"line":15,"column":25}},"8":{"start":{"line":16,"column":12},"end":{"line":16,"column":39}},"9":{"start":{"line":17,"column":12},"end":{"line":17,"column":18}},"10":{"start":{"line":19,"column":12},"end":{"line":19,"column":25}},"11":{"start":{"line":20,"column":12},"end":{"line":20,"column":39}},"12":{"start":{"line":21,"column":12},"end":{"line":21,"column":18}},"13":{"start":{"line":23,"column":12},"end":{"line":23,"column":25}},"14":{"start":{"line":24,"column":12},"end":{"line":24,"column":37}},"15":{"start":{"line":25,"column":12},"end":{"line":25,"column":18}},"16":{"start":{"line":27,"column":12},"end":{"line":27,"column":25}},"17":{"start":{"line":28,"column":12},"end":{"line":28,"column":39}},"18":{"start":{"line":29,"column":12},"end":{"line":29,"column":18}},"19":{"start":{"line":31,"column":12},"end":{"line":31,"column":25}},"20":{"start":{"line":32,"column":12},"end":{"line":32,"column":55}},"21":{"start":{"line":33,"column":12},"end":{"line":33,"column":18}},"22":{"start":{"line":35,"column":12},"end":{"line":35,"column":25}},"23":{"start":{"line":36,"column":12},"end":{"line":36,"column":55}},"24":{"start":{"line":37,"column":12},"end":{"line":37,"column":18}},"25":{"start":{"line":39,"column":4},"end":{"line":39,"column":41}},"26":{"start":{"line":42,"column":0},"end":{"line":42,"column":30}}},"fnMap":{"0":{"name":"errorHandler","decl":{"start":{"line":1,"column":9},"end":{"line":1,"column":21}},"loc":{"start":{"line":1,"column":43},"end":{"line":40,"column":1}},"line":1}},"branchMap":{"0":{"loc":{"start":{"line":2,"column":17},"end":{"line":2,"column":34}},"type":"binary-expr","locations":[{"start":{"line":2,"column":17},"end":{"line":2,"column":27}},{"start":{"line":2,"column":31},"end":{"line":2,"column":34}}],"line":2},"1":{"loc":{"start":{"line":3,"column":18},"end":{"line":3,"column":56}},"type":"binary-expr","locations":[{"start":{"line":3,"column":18},"end":{"line":3,"column":29}},{"start":{"line":3,"column":33},"end":{"line":3,"column":56}}],"line":3},"2":{"loc":{"start":{"line":7,"column":4},"end":{"line":38,"column":5}},"type":"switch","locations":[{"start":{"line":8,"column":8},"end":{"line":8,"column":40}},{"start":{"line":9,"column":8},"end":{"line":12,"column":18}},{"start":{"line":13,"column":8},"end":{"line":13,"column":29}},{"start":{"line":14,"column":8},"end":{"line":17,"column":18}},{"start":{"line":18,"column":8},"end":{"line":21,"column":18}},{"start":{"line":22,"column":8},"end":{"line":25,"column":18}},{"start":{"line":26,"column":8},"end":{"line":29,"column":18}},{"start":{"line":30,"column":8},"end":{"line":33,"column":18}},{"start":{"line":34,"column":8},"end":{"line":37,"column":18}}],"line":7}},"s":{"0":7,"1":7,"2":7,"3":7,"4":3,"5":3,"6":3,"7":0,"8":0,"9":0,"10":0,"11":0,"12":0,"13":0,"14":0,"15":0,"16":0,"17":0,"18":0,"19":2,"20":2,"21":2,"22":2,"23":2,"24":2,"25":7,"26":2},"f":{"0":7},"b":{"0":[7,7],"1":[7,4],"2":[3,3,0,0,0,0,0,2,2]},"_coverageSchema":"1a1c01bbd47fc00a2c39e90264f33305004495a9","hash":"8bc2dfae991e1a60ff72b47409bb272f3ee9c376"}
,"/Users/galileor/Hacktiv8/Phase2/IP-HCK73/Server/middleware/isAuthenticate.js": {"path":"/Users/galileor/Hacktiv8/Phase2/IP-HCK73/Server/middleware/isAuthenticate.js","statementMap":{"0":{"start":{"line":1,"column":24},"end":{"line":1,"column":48}},"1":{"start":{"line":2,"column":17},"end":{"line":2,"column":37}},"2":{"start":{"line":6,"column":4},"end":{"line":34,"column":5}},"3":{"start":{"line":8,"column":8},"end":{"line":8,"column":33}},"4":{"start":{"line":9,"column":27},"end":{"line":9,"column":52}},"5":{"start":{"line":11,"column":8},"end":{"line":13,"column":9}},"6":{"start":{"line":12,"column":12},"end":{"line":12,"column":43}},"7":{"start":{"line":14,"column":30},"end":{"line":14,"column":53}},"8":{"start":{"line":16,"column":8},"end":{"line":18,"column":9}},"9":{"start":{"line":17,"column":12},"end":{"line":17,"column":43}},"10":{"start":{"line":21,"column":22},"end":{"line":21,"column":40}},"11":{"start":{"line":23,"column":19},"end":{"line":23,"column":50}},"12":{"start":{"line":25,"column":8},"end":{"line":27,"column":9}},"13":{"start":{"line":26,"column":12},"end":{"line":26,"column":43}},"14":{"start":{"line":28,"column":8},"end":{"line":30,"column":9}},"15":{"start":{"line":31,"column":8},"end":{"line":31,"column":15}},"16":{"start":{"line":33,"column":8},"end":{"line":33,"column":19}},"17":{"start":{"line":37,"column":0},"end":{"line":37,"column":31}}},"fnMap":{"0":{"name":"isAuthenticate","decl":{"start":{"line":5,"column":15},"end":{"line":5,"column":29}},"loc":{"start":{"line":5,"column":46},"end":{"line":35,"column":1}},"line":5}},"branchMap":{"0":{"loc":{"start":{"line":11,"column":8},"end":{"line":13,"column":9}},"type":"if","locations":[{"start":{"line":11,"column":8},"end":{"line":13,"column":9}},{"start":{},"end":{}}],"line":11},"1":{"loc":{"start":{"line":16,"column":8},"end":{"line":18,"column":9}},"type":"if","locations":[{"start":{"line":16,"column":8},"end":{"line":18,"column":9}},{"start":{},"end":{}}],"line":16},"2":{"loc":{"start":{"line":25,"column":8},"end":{"line":27,"column":9}},"type":"if","locations":[{"start":{"line":25,"column":8},"end":{"line":27,"column":9}},{"start":{},"end":{}}],"line":25}},"s":{"0":2,"1":2,"2":0,"3":0,"4":0,"5":0,"6":0,"7":0,"8":0,"9":0,"10":0,"11":0,"12":0,"13":0,"14":0,"15":0,"16":0,"17":2},"f":{"0":0},"b":{"0":[0,0],"1":[0,0],"2":[0,0]},"_coverageSchema":"1a1c01bbd47fc00a2c39e90264f33305004495a9","hash":"93e0da5ed75cdd51c6d59511165f0baddd1b29d8"}
,"/Users/galileor/Hacktiv8/Phase2/IP-HCK73/Server/middleware/isAuthorized.js": {"path":"/Users/galileor/Hacktiv8/Phase2/IP-HCK73/Server/middleware/isAuthorized.js","statementMap":{"0":{"start":{"line":1,"column":18},"end":{"line":1,"column":38}},"1":{"start":{"line":4,"column":4},"end":{"line":20,"column":5}},"2":{"start":{"line":5,"column":23},"end":{"line":5,"column":33}},"3":{"start":{"line":6,"column":8},"end":{"line":6,"column":43}},"4":{"start":{"line":7,"column":20},"end":{"line":7,"column":55}},"5":{"start":{"line":9,"column":8},"end":{"line":11,"column":9}},"6":{"start":{"line":10,"column":12},"end":{"line":10,"column":39}},"7":{"start":{"line":13,"column":8},"end":{"line":15,"column":9}},"8":{"start":{"line":14,"column":12},"end":{"line":14,"column":39}},"9":{"start":{"line":16,"column":8},"end":{"line":16,"column":14}},"10":{"start":{"line":19,"column":8},"end":{"line":19,"column":19}},"11":{"start":{"line":24,"column":0},"end":{"line":24,"column":33}}},"fnMap":{"0":{"name":"isAuthorized","decl":{"start":{"line":3,"column":15},"end":{"line":3,"column":27}},"loc":{"start":{"line":3,"column":44},"end":{"line":21,"column":1}},"line":3}},"branchMap":{"0":{"loc":{"start":{"line":9,"column":8},"end":{"line":11,"column":9}},"type":"if","locations":[{"start":{"line":9,"column":8},"end":{"line":11,"column":9}},{"start":{},"end":{}}],"line":9},"1":{"loc":{"start":{"line":13,"column":8},"end":{"line":15,"column":9}},"type":"if","locations":[{"start":{"line":13,"column":8},"end":{"line":15,"column":9}},{"start":{},"end":{}}],"line":13}},"s":{"0":2,"1":0,"2":0,"3":0,"4":0,"5":0,"6":0,"7":0,"8":0,"9":0,"10":0,"11":2},"f":{"0":0},"b":{"0":[0,0],"1":[0,0]},"_coverageSchema":"1a1c01bbd47fc00a2c39e90264f33305004495a9","hash":"7b82c35653b7f9a89345d3d7edaeef6a96e18073"}
,"/Users/galileor/Hacktiv8/Phase2/IP-HCK73/Server/models/image.js": {"path":"/Users/galileor/Hacktiv8/Phase2/IP-HCK73/Server/models/image.js","statementMap":{"0":{"start":{"line":4,"column":4},"end":{"line":4,"column":24}},"1":{"start":{"line":5,"column":0},"end":{"line":25,"column":2}},"2":{"start":{"line":14,"column":6},"end":{"line":14,"column":60}},"3":{"start":{"line":17,"column":2},"end":{"line":23,"column":5}},"4":{"start":{"line":24,"column":2},"end":{"line":24,"column":15}}},"fnMap":{"0":{"name":"(anonymous_0)","decl":{"start":{"line":5,"column":17},"end":{"line":5,"column":18}},"loc":{"start":{"line":5,"column":43},"end":{"line":25,"column":1}},"line":5},"1":{"name":"(anonymous_1)","decl":{"start":{"line":12,"column":4},"end":{"line":12,"column":5}},"loc":{"start":{"line":12,"column":29},"end":{"line":15,"column":5}},"line":12}},"branchMap":{},"s":{"0":2,"1":2,"2":2,"3":2,"4":2},"f":{"0":2,"1":2},"b":{},"_coverageSchema":"1a1c01bbd47fc00a2c39e90264f33305004495a9","hash":"dc3763d44703fd8fc815ca0beaa8dee1886a676f"}
,"/Users/galileor/Hacktiv8/Phase2/IP-HCK73/Server/models/index.js": {"path":"/Users/galileor/Hacktiv8/Phase2/IP-HCK73/Server/models/index.js","statementMap":{"0":{"start":{"line":3,"column":11},"end":{"line":3,"column":24}},"1":{"start":{"line":4,"column":13},"end":{"line":4,"column":28}},"2":{"start":{"line":5,"column":18},"end":{"line":5,"column":38}},"3":{"start":{"line":6,"column":16},"end":{"line":6,"column":34}},"4":{"start":{"line":7,"column":17},"end":{"line":7,"column":42}},"5":{"start":{"line":8,"column":12},"end":{"line":8,"column":49}},"6":{"start":{"line":9,"column":15},"end":{"line":9,"column":65}},"7":{"start":{"line":10,"column":11},"end":{"line":10,"column":13}},"8":{"start":{"line":13,"column":0},"end":{"line":17,"column":1}},"9":{"start":{"line":14,"column":2},"end":{"line":14,"column":74}},"10":{"start":{"line":16,"column":2},"end":{"line":16,"column":87}},"11":{"start":{"line":19,"column":0},"end":{"line":32,"column":5}},"12":{"start":{"line":22,"column":4},"end":{"line":27,"column":6}},"13":{"start":{"line":30,"column":18},"end":{"line":30,"column":85}},"14":{"start":{"line":31,"column":4},"end":{"line":31,"column":27}},"15":{"start":{"line":34,"column":0},"end":{"line":38,"column":3}},"16":{"start":{"line":35,"column":2},"end":{"line":37,"column":3}},"17":{"start":{"line":36,"column":4},"end":{"line":36,"column":32}},"18":{"start":{"line":40,"column":0},"end":{"line":40,"column":25}},"19":{"start":{"line":41,"column":0},"end":{"line":41,"column":25}},"20":{"start":{"line":43,"column":0},"end":{"line":43,"column":20}}},"fnMap":{"0":{"name":"(anonymous_0)","decl":{"start":{"line":21,"column":10},"end":{"line":21,"column":11}},"loc":{"start":{"line":21,"column":18},"end":{"line":28,"column":3}},"line":21},"1":{"name":"(anonymous_1)","decl":{"start":{"line":29,"column":11},"end":{"line":29,"column":12}},"loc":{"start":{"line":29,"column":19},"end":{"line":32,"column":3}},"line":29},"2":{"name":"(anonymous_2)","decl":{"start":{"line":34,"column":24},"end":{"line":34,"column":25}},"loc":{"start":{"line":34,"column":37},"end":{"line":38,"column":1}},"line":34}},"branchMap":{"0":{"loc":{"start":{"line":8,"column":12},"end":{"line":8,"column":49}},"type":"binary-expr","locations":[{"start":{"line":8,"column":12},"end":{"line":8,"column":32}},{"start":{"line":8,"column":36},"end":{"line":8,"column":49}}],"line":8},"1":{"loc":{"start":{"line":13,"column":0},"end":{"line":17,"column":1}},"type":"if","locations":[{"start":{"line":13,"column":0},"end":{"line":17,"column":1}},{"start":{"line":15,"column":7},"end":{"line":17,"column":1}}],"line":13},"2":{"loc":{"start":{"line":23,"column":6},"end":{"line":26,"column":37}},"type":"binary-expr","locations":[{"start":{"line":23,"column":6},"end":{"line":23,"column":29}},{"start":{"line":24,"column":6},"end":{"line":24,"column":23}},{"start":{"line":25,"column":6},"end":{"line":25,"column":30}},{"start":{"line":26,"column":6},"end":{"line":26,"column":37}}],"line":23},"3":{"loc":{"start":{"line":35,"column":2},"end":{"line":37,"column":3}},"type":"if","locations":[{"start":{"line":35,"column":2},"end":{"line":37,"column":3}},{"start":{},"end":{}}],"line":35}},"s":{"0":2,"1":2,"2":2,"3":2,"4":2,"5":2,"6":2,"7":2,"8":2,"9":0,"10":2,"11":2,"12":6,"13":4,"14":4,"15":2,"16":4,"17":4,"18":2,"19":2,"20":2},"f":{"0":6,"1":4,"2":4},"b":{"0":[2,0],"1":[0,2],"2":[6,6,4,4],"3":[4,0]},"_coverageSchema":"1a1c01bbd47fc00a2c39e90264f33305004495a9","hash":"aad14124325ac4208548f1ed74d9ebdc05b0fd26"}
,"/Users/galileor/Hacktiv8/Phase2/IP-HCK73/Server/models/user.js": {"path":"/Users/galileor/Hacktiv8/Phase2/IP-HCK73/Server/models/user.js","statementMap":{"0":{"start":{"line":4,"column":4},"end":{"line":4,"column":24}},"1":{"start":{"line":5,"column":25},"end":{"line":5,"column":52}},"2":{"start":{"line":6,"column":0},"end":{"line":88,"column":2}},"3":{"start":{"line":16,"column":6},"end":{"line":16,"column":58}},"4":{"start":{"line":19,"column":2},"end":{"line":83,"column":5}},"5":{"start":{"line":84,"column":2},"end":{"line":86,"column":4}},"6":{"start":{"line":85,"column":4},"end":{"line":85,"column":47}},"7":{"start":{"line":87,"column":2},"end":{"line":87,"column":14}}},"fnMap":{"0":{"name":"(anonymous_0)","decl":{"start":{"line":6,"column":17},"end":{"line":6,"column":18}},"loc":{"start":{"line":6,"column":43},"end":{"line":88,"column":1}},"line":6},"1":{"name":"(anonymous_1)","decl":{"start":{"line":13,"column":4},"end":{"line":13,"column":5}},"loc":{"start":{"line":13,"column":29},"end":{"line":17,"column":5}},"line":13},"2":{"name":"(anonymous_2)","decl":{"start":{"line":84,"column":20},"end":{"line":84,"column":21}},"loc":{"start":{"line":84,"column":30},"end":{"line":86,"column":3}},"line":84}},"branchMap":{},"s":{"0":2,"1":2,"2":2,"3":2,"4":2,"5":2,"6":3,"7":2},"f":{"0":2,"1":2,"2":3},"b":{},"_coverageSchema":"1a1c01bbd47fc00a2c39e90264f33305004495a9","hash":"21edf7253d2e0b0daac4dfd99de243e76ced515f"}
,"/Users/galileor/Hacktiv8/Phase2/IP-HCK73/Server/routes/index.js": {"path":"/Users/galileor/Hacktiv8/Phase2/IP-HCK73/Server/routes/index.js","statementMap":{"0":{"start":{"line":1,"column":16},"end":{"line":1,"column":34}},"1":{"start":{"line":2,"column":15},"end":{"line":2,"column":31}},"2":{"start":{"line":3,"column":13},"end":{"line":3,"column":28}},"3":{"start":{"line":6,"column":15},"end":{"line":6,"column":32}},"4":{"start":{"line":7,"column":15},"end":{"line":7,"column":58}},"5":{"start":{"line":9,"column":29},"end":{"line":9,"column":75}},"6":{"start":{"line":10,"column":24},"end":{"line":10,"column":65}},"7":{"start":{"line":11,"column":23},"end":{"line":11,"column":63}},"8":{"start":{"line":12,"column":23},"end":{"line":12,"column":62}},"9":{"start":{"line":13,"column":21},"end":{"line":13,"column":58}},"10":{"start":{"line":14,"column":25},"end":{"line":14,"column":62}},"11":{"start":{"line":17,"column":0},"end":{"line":17,"column":18}},"12":{"start":{"line":19,"column":0},"end":{"line":19,"column":43}},"13":{"start":{"line":20,"column":0},"end":{"line":20,"column":49}},"14":{"start":{"line":21,"column":0},"end":{"line":21,"column":53}},"15":{"start":{"line":24,"column":0},"end":{"line":24,"column":62}},"16":{"start":{"line":25,"column":0},"end":{"line":25,"column":75}},"17":{"start":{"line":27,"column":0},"end":{"line":32,"column":42}},"18":{"start":{"line":37,"column":0},"end":{"line":37,"column":66}},"19":{"start":{"line":38,"column":0},"end":{"line":38,"column":72}},"20":{"start":{"line":39,"column":0},"end":{"line":39,"column":87}},"21":{"start":{"line":41,"column":0},"end":{"line":41,"column":24}},"22":{"start":{"line":43,"column":0},"end":{"line":43,"column":24}}},"fnMap":{},"branchMap":{},"s":{"0":2,"1":2,"2":2,"3":2,"4":2,"5":2,"6":2,"7":2,"8":2,"9":2,"10":2,"11":2,"12":2,"13":2,"14":2,"15":2,"16":2,"17":2,"18":2,"19":2,"20":2,"21":2,"22":2},"f":{},"b":{},"_coverageSchema":"1a1c01bbd47fc00a2c39e90264f33305004495a9","hash":"1027f62e7152dd825018d219fc5d40b778f1d67b"}
}
