TN:
SF:app.js
FNF:0
FNH:0
DA:1,2
DA:2,2
DA:4,2
DA:5,2
DA:7,2
DA:11,2
DA:12,2
DA:14,2
DA:20,2
LF:9
LH:9
BRDA:1,0,0,2
BRDA:1,0,1,0
BRF:2
BRH:1
end_of_record
TN:
SF:controllers/ImageController.js
FN:6,(anonymous_0)
FN:22,(anonymous_1)
FN:42,(anonymous_2)
FNF:3
FNH:0
FNDA:0,(anonymous_0)
FNDA:0,(anonymous_1)
FNDA:0,(anonymous_2)
DA:1,2
DA:7,0
DA:8,0
DA:9,0
DA:14,0
DA:15,0
DA:17,0
DA:18,0
DA:23,0
DA:24,0
DA:25,0
DA:27,0
DA:28,0
DA:30,0
DA:36,0
DA:38,0
DA:39,0
DA:43,0
DA:44,0
DA:45,0
DA:47,0
DA:48,0
DA:50,0
DA:52,0
DA:53,0
DA:58,2
LF:26
LH:2
BRDA:27,0,0,0
BRDA:27,0,1,0
BRDA:47,1,0,0
BRDA:47,1,1,0
BRF:4
BRH:0
end_of_record
TN:
SF:controllers/PredictionController.js
FN:8,(anonymous_0)
FN:9,(anonymous_1)
FN:10,(anonymous_2)
FN:12,(anonymous_3)
FN:15,(anonymous_4)
FN:18,(anonymous_5)
FN:28,(anonymous_6)
FN:40,(anonymous_7)
FN:63,(anonymous_8)
FN:64,(anonymous_9)
FN:88,(anonymous_10)
FNF:11
FNH:0
FNDA:0,(anonymous_0)
FNDA:0,(anonymous_1)
FNDA:0,(anonymous_2)
FNDA:0,(anonymous_3)
FNDA:0,(anonymous_4)
FNDA:0,(anonymous_5)
FNDA:0,(anonymous_6)
FNDA:0,(anonymous_7)
FNDA:0,(anonymous_8)
FNDA:0,(anonymous_9)
FNDA:0,(anonymous_10)
DA:1,2
DA:2,2
DA:3,2
DA:4,2
DA:6,2
DA:8,2
DA:9,0
DA:10,0
DA:11,0
DA:12,0
DA:13,0
DA:15,0
DA:16,0
DA:18,0
DA:19,0
DA:30,0
DA:32,0
DA:33,0
DA:35,0
DA:36,0
DA:40,0
DA:41,0
DA:44,0
DA:52,0
DA:57,0
DA:60,0
DA:63,0
DA:64,0
DA:65,0
DA:66,0
DA:68,0
DA:73,0
DA:78,0
DA:83,0
DA:84,0
DA:89,0
DA:90,0
DA:97,0
DA:98,0
DA:99,0
DA:101,0
DA:107,2
LF:42
LH:7
BRDA:35,0,0,0
BRDA:35,0,1,0
BRDA:35,1,0,0
BRDA:35,1,1,0
BRDA:35,1,2,0
BRDA:35,1,3,0
BRDA:65,2,0,0
BRDA:65,2,1,0
BRF:8
BRH:0
end_of_record
TN:
SF:controllers/UserController.js
FN:12,(anonymous_0)
FN:26,(anonymous_1)
FN:36,(anonymous_2)
FN:48,(anonymous_3)
FN:71,(anonymous_4)
FN:87,(anonymous_5)
FNF:6
FNH:2
FNDA:0,(anonymous_0)
FNDA:0,(anonymous_1)
FNDA:0,(anonymous_2)
FNDA:5,(anonymous_3)
FNDA:4,(anonymous_4)
FNDA:0,(anonymous_5)
DA:1,2
DA:2,2
DA:3,2
DA:4,2
DA:7,2
DA:8,2
DA:13,0
DA:14,0
DA:15,0
DA:17,0
DA:18,0
DA:19,0
DA:21,0
DA:22,0
DA:27,0
DA:28,0
DA:29,0
DA:31,0
DA:32,0
DA:37,0
DA:38,0
DA:39,0
DA:41,0
DA:43,0
DA:44,0
DA:49,5
DA:50,5
DA:51,5
DA:52,2
DA:55,3
DA:59,3
DA:60,2
DA:61,2
DA:63,1
DA:66,1
DA:68,4
DA:72,4
DA:73,4
DA:74,4
DA:76,1
DA:83,3
DA:88,0
DA:90,0
DA:91,0
DA:95,0
DA:96,0
DA:109,0
DA:110,0
DA:112,0
DA:113,0
DA:119,2
LF:51
LH:23
BRDA:51,0,0,2
BRDA:51,0,1,3
BRDA:51,1,0,5
BRDA:51,1,1,4
BRDA:59,2,0,2
BRDA:59,2,1,1
BRDA:59,3,0,3
BRDA:59,3,1,2
BRDA:110,4,0,0
BRDA:110,4,1,0
BRF:10
BRH:8
end_of_record
TN:
SF:helper/bcrypt.js
FN:4,(anonymous_0)
FN:10,(anonymous_1)
FNF:2
FNH:2
FNDA:3,(anonymous_0)
FNDA:2,(anonymous_1)
DA:1,2
DA:4,2
DA:5,3
DA:6,3
DA:10,2
DA:11,2
DA:14,2
LF:7
LH:7
BRF:0
BRH:0
end_of_record
TN:
SF:helper/cloudinary.js
FNF:0
FNH:0
DA:2,2
DA:3,2
DA:12,2
LF:3
LH:3
BRF:0
BRH:0
end_of_record
TN:
SF:helper/jwt.js
FN:4,(anonymous_0)
FN:8,(anonymous_1)
FNF:2
FNH:1
FNDA:3,(anonymous_0)
FNDA:0,(anonymous_1)
DA:1,2
DA:3,2
DA:4,2
DA:5,3
DA:8,2
DA:9,0
DA:12,2
LF:7
LH:6
BRF:0
BRH:0
end_of_record
TN:
SF:middleware/errorHandler.js
FN:1,errorHandler
FNF:1
FNH:1
FNDA:7,errorHandler
DA:2,7
DA:3,7
DA:5,7
DA:7,7
DA:10,3
DA:11,3
DA:12,3
DA:15,0
DA:16,0
DA:17,0
DA:19,0
DA:20,0
DA:21,0
DA:23,0
DA:24,0
DA:25,0
DA:27,0
DA:28,0
DA:29,0
DA:31,2
DA:32,2
DA:33,2
DA:35,2
DA:36,2
DA:37,2
DA:39,7
DA:42,2
LF:27
LH:15
BRDA:2,0,0,7
BRDA:2,0,1,7
BRDA:3,1,0,7
BRDA:3,1,1,4
BRDA:7,2,0,3
BRDA:7,2,1,3
BRDA:7,2,2,0
BRDA:7,2,3,0
BRDA:7,2,4,0
BRDA:7,2,5,0
BRDA:7,2,6,0
BRDA:7,2,7,2
BRDA:7,2,8,2
BRF:13
BRH:8
end_of_record
TN:
SF:middleware/isAuthenticate.js
FN:5,isAuthenticate
FNF:1
FNH:0
FNDA:0,isAuthenticate
DA:1,2
DA:2,2
DA:6,0
DA:8,0
DA:9,0
DA:11,0
DA:12,0
DA:14,0
DA:16,0
DA:17,0
DA:21,0
DA:23,0
DA:25,0
DA:26,0
DA:28,0
DA:31,0
DA:33,0
DA:37,2
LF:18
LH:3
BRDA:11,0,0,0
BRDA:11,0,1,0
BRDA:16,1,0,0
BRDA:16,1,1,0
BRDA:25,2,0,0
BRDA:25,2,1,0
BRF:6
BRH:0
end_of_record
TN:
SF:middleware/isAuthorized.js
FN:3,isAuthorized
FNF:1
FNH:0
FNDA:0,isAuthorized
DA:1,2
DA:4,0
DA:5,0
DA:6,0
DA:7,0
DA:9,0
DA:10,0
DA:13,0
DA:14,0
DA:16,0
DA:19,0
DA:24,2
LF:12
LH:2
BRDA:9,0,0,0
BRDA:9,0,1,0
BRDA:13,1,0,0
BRDA:13,1,1,0
BRF:4
BRH:0
end_of_record
TN:
SF:models/image.js
FN:5,(anonymous_0)
FN:12,(anonymous_1)
FNF:2
FNH:2
FNDA:2,(anonymous_0)
FNDA:2,(anonymous_1)
DA:4,2
DA:5,2
DA:14,2
DA:17,2
DA:24,2
LF:5
LH:5
BRF:0
BRH:0
end_of_record
TN:
SF:models/index.js
FN:21,(anonymous_0)
FN:29,(anonymous_1)
FN:34,(anonymous_2)
FNF:3
FNH:3
FNDA:6,(anonymous_0)
FNDA:4,(anonymous_1)
FNDA:4,(anonymous_2)
DA:3,2
DA:4,2
DA:5,2
DA:6,2
DA:7,2
DA:8,2
DA:9,2
DA:10,2
DA:13,2
DA:14,0
DA:16,2
DA:19,2
DA:22,6
DA:30,4
DA:31,4
DA:34,2
DA:35,4
DA:36,4
DA:40,2
DA:41,2
DA:43,2
LF:21
LH:20
BRDA:8,0,0,2
BRDA:8,0,1,0
BRDA:13,1,0,0
BRDA:13,1,1,2
BRDA:23,2,0,6
BRDA:23,2,1,6
BRDA:23,2,2,4
BRDA:23,2,3,4
BRDA:35,3,0,4
BRDA:35,3,1,0
BRF:10
BRH:7
end_of_record
TN:
SF:models/user.js
FN:6,(anonymous_0)
FN:13,(anonymous_1)
FN:84,(anonymous_2)
FNF:3
FNH:3
FNDA:2,(anonymous_0)
FNDA:2,(anonymous_1)
FNDA:3,(anonymous_2)
DA:4,2
DA:5,2
DA:6,2
DA:16,2
DA:19,2
DA:84,2
DA:85,3
DA:87,2
LF:8
LH:8
BRF:0
BRH:0
end_of_record
TN:
SF:routes/index.js
FNF:0
FNH:0
DA:1,2
DA:2,2
DA:3,2
DA:6,2
DA:7,2
DA:9,2
DA:10,2
DA:11,2
DA:12,2
DA:13,2
DA:14,2
DA:17,2
DA:19,2
DA:20,2
DA:21,2
DA:24,2
DA:25,2
DA:27,2
DA:37,2
DA:38,2
DA:39,2
DA:41,2
DA:43,2
LF:23
LH:23
BRF:0
BRH:0
end_of_record
